Using pre-set license
Built from '2021.3/staging' branch; Version is '2021.3.35f1 (157b46ce122a) revision 1407814'; Using compiler version '192829333'; Build Type 'Release'
OS: 'Windows 10  (10.0.19045) 64bit Professional' Language: 'zh' Physical Memory: 16220 MB
BatchMode: 1, IsHumanControllingUs: 0, StartBugReporterOnCrash: 0, Is64bit: 1, IsPro: 1

COMMAND LINE ARGUMENTS:
C:\Program Files\Unity\Hub\Editor\2021.3.35f1\Editor\Unity.exe
-adb2
-batchMode
-noUpm
-name
AssetImportWorker0
-projectPath
C:/Users/PC/RecastInUnity
-logFile
Logs/AssetImportWorker0.log
-srvPort
5464
Successfully changed project path to: C:/Users/PC/RecastInUnity
C:/Users/PC/RecastInUnity
[UnityMemory] Configuration Parameters - Can be set up in boot.config
    "memorysetup-bucket-allocator-granularity=16"
    "memorysetup-bucket-allocator-bucket-count=8"
    "memorysetup-bucket-allocator-block-size=33554432"
    "memorysetup-bucket-allocator-block-count=8"
    "memorysetup-main-allocator-block-size=16777216"
    "memorysetup-thread-allocator-block-size=16777216"
    "memorysetup-gfx-main-allocator-block-size=16777216"
    "memorysetup-gfx-thread-allocator-block-size=16777216"
    "memorysetup-cache-allocator-block-size=4194304"
    "memorysetup-typetree-allocator-block-size=2097152"
    "memorysetup-profiler-bucket-allocator-granularity=16"
    "memorysetup-profiler-bucket-allocator-bucket-count=8"
    "memorysetup-profiler-bucket-allocator-block-size=33554432"
    "memorysetup-profiler-bucket-allocator-block-count=8"
    "memorysetup-profiler-allocator-block-size=16777216"
    "memorysetup-profiler-editor-allocator-block-size=1048576"
    "memorysetup-temp-allocator-size-main=16777216"
    "memorysetup-job-temp-allocator-block-size=2097152"
    "memorysetup-job-temp-allocator-block-size-background=1048576"
    "memorysetup-job-temp-allocator-reduction-small-platforms=262144"
    "memorysetup-temp-allocator-size-background-worker=32768"
    "memorysetup-temp-allocator-size-job-worker=262144"
    "memorysetup-temp-allocator-size-preload-manager=33554432"
    "memorysetup-temp-allocator-size-nav-mesh-worker=65536"
    "memorysetup-temp-allocator-size-audio-worker=65536"
    "memorysetup-temp-allocator-size-cloud-worker=32768"
    "memorysetup-temp-allocator-size-gi-baking-worker=262144"
    "memorysetup-temp-allocator-size-gfx=262144"
Player connection [17528] Host "[IP] 192.168.5.7 [Port] 0 [Flags] 2 [Guid] 1743703745 [EditorId] 1743703745 [Version] 1048832 [Id] WindowsEditor(7,DESKTOP-8MIQOKD) [Debug] 1 [PackageName] WindowsEditor [ProjectName] Editor" joined multi-casting on [225.0.0.222:54997]...

Player connection [17528] Host "[IP] 192.168.5.7 [Port] 0 [Flags] 2 [Guid] 1743703745 [EditorId] 1743703745 [Version] 1048832 [Id] WindowsEditor(7,DESKTOP-8MIQOKD) [Debug] 1 [PackageName] WindowsEditor [ProjectName] Editor" joined alternative multi-casting on [225.0.0.222:34997]...

[Physics::Module] Initialized MultithreadedJobDispatcher with {0} workers.
Refreshing native plugins compatible for Editor in 79.73 ms, found 3 plugins.
Preloading 0 native plugins for Editor in 0.00 ms.
Initialize engine version: 2021.3.35f1 (157b46ce122a)
[Subsystems] Discovering subsystems at path C:/Program Files/Unity/Hub/Editor/2021.3.35f1/Editor/Data/Resources/UnitySubsystems
[Subsystems] Discovering subsystems at path C:/Users/PC/RecastInUnity/Assets
GfxDevice: creating device client; threaded=0; jobified=0
Direct3D:
    Version:  Direct3D 11.0 [level 11.1]
    Renderer: NVIDIA GeForce RTX 4060 Ti (ID=0x2788)
    Vendor:   NVIDIA
    VRAM:     7949 MB
    Driver:   32.0.15.6094
Initialize mono
Mono path[0] = 'C:/Program Files/Unity/Hub/Editor/2021.3.35f1/Editor/Data/Managed'
Mono path[1] = 'C:/Program Files/Unity/Hub/Editor/2021.3.35f1/Editor/Data/MonoBleedingEdge/lib/mono/unityjit-win32'
Mono config path = 'C:/Program Files/Unity/Hub/Editor/2021.3.35f1/Editor/Data/MonoBleedingEdge/etc'
Using monoOptions --debugger-agent=transport=dt_socket,embedding=1,server=y,suspend=n,address=127.0.0.1:56304
Begin MonoManager ReloadAssembly
Registering precompiled unity dll's ...
Register platform support module: C:/Program Files/Unity/Hub/Editor/2021.3.35f1/Editor/Data/PlaybackEngines/WindowsStandaloneSupport/UnityEditor.WindowsStandalone.Extensions.dll
Registered in 0.006532 seconds.
Native extension for WindowsStandalone target not found
Refreshing native plugins compatible for Editor in 81.24 ms, found 3 plugins.
Preloading 0 native plugins for Editor in 0.00 ms.
Mono: successfully reloaded assembly
- Completed reload, in  0.758 seconds
Domain Reload Profiling:
	ReloadAssembly (759ms)
		BeginReloadAssembly (116ms)
			ExecutionOrderSort (0ms)
			DisableScriptedObjects (0ms)
			BackupInstance (0ms)
			ReleaseScriptingObjects (0ms)
			CreateAndSetChildDomain (1ms)
		EndReloadAssembly (529ms)
			LoadAssemblies (113ms)
			RebuildTransferFunctionScriptingTraits (0ms)
			SetupTypeCache (121ms)
			ReleaseScriptCaches (0ms)
			RebuildScriptCaches (35ms)
			SetupLoadedEditorAssemblies (324ms)
				LogAssemblyErrors (0ms)
				InitializePlatformSupportModulesInManaged (9ms)
				SetLoadedEditorAssemblies (0ms)
				RefreshPlugins (81ms)
				BeforeProcessingInitializeOnLoad (2ms)
				ProcessInitializeOnLoadAttributes (172ms)
				ProcessInitializeOnLoadMethodAttributes (60ms)
				AfterProcessingInitializeOnLoad (0ms)
				EditorAssembliesLoaded (0ms)
			ExecutionOrderSort2 (0ms)
			AwakeInstancesAfterBackupRestoration (0ms)
Platform modules already initialized, skipping
Registering precompiled user dll's ...
Registered in 0.004869 seconds.
Begin MonoManager ReloadAssembly
Native extension for WindowsStandalone target not found
Refreshing native plugins compatible for Editor in 0.58 ms, found 3 plugins.
Preloading 0 native plugins for Editor in 0.00 ms.
Package Manager log level set to [2]
[Package Manager] Server::EnsureServerProcessIsRunning -- launch failed, reason: Unity was launched with the -noUpm command-line argument
[Package Manager] Cannot connect to Unity Package Manager local server
Mono: successfully reloaded assembly
- Completed reload, in  1.707 seconds
Domain Reload Profiling:
	ReloadAssembly (1708ms)
		BeginReloadAssembly (140ms)
			ExecutionOrderSort (0ms)
			DisableScriptedObjects (8ms)
			BackupInstance (0ms)
			ReleaseScriptingObjects (0ms)
			CreateAndSetChildDomain (20ms)
		EndReloadAssembly (1443ms)
			LoadAssemblies (95ms)
			RebuildTransferFunctionScriptingTraits (0ms)
			SetupTypeCache (308ms)
			ReleaseScriptCaches (1ms)
			RebuildScriptCaches (74ms)
			SetupLoadedEditorAssemblies (933ms)
				LogAssemblyErrors (0ms)
				InitializePlatformSupportModulesInManaged (7ms)
				SetLoadedEditorAssemblies (1ms)
				RefreshPlugins (1ms)
				BeforeProcessingInitializeOnLoad (89ms)
				ProcessInitializeOnLoadAttributes (801ms)
				ProcessInitializeOnLoadMethodAttributes (26ms)
				AfterProcessingInitializeOnLoad (8ms)
				EditorAssembliesLoaded (0ms)
			ExecutionOrderSort2 (0ms)
			AwakeInstancesAfterBackupRestoration (9ms)
Platform modules already initialized, skipping
========================================================================
Worker process is ready to serve import requests
Launched and connected shader compiler UnityShaderCompiler.exe after 0.03 seconds
Refreshing native plugins compatible for Editor in 0.39 ms, found 3 plugins.
Preloading 0 native plugins for Editor in 0.00 ms.
Unloading 3325 Unused Serialized files (Serialized files now loaded: 0)
Unloading 24 unused Assets / (46.4 KB). Loaded Objects now: 3784.
Memory consumption went from 116.2 MB to 116.2 MB.
Total: 1.990300 ms (FindLiveObjects: 0.170400 ms CreateObjectMapping: 0.069500 ms MarkObjects: 1.696800 ms  DeleteObjects: 0.051900 ms)

AssetImportParameters requested are different than current active one (requested -> active):
  custom:video-decoder-ogg-theora: a1e56fd34408186e4bbccfd4996cb3dc -> 
  custom:container-muxer-webm: aa71ff27fc2769a1b78a27578f13a17b -> 
  custom:container-demuxer-webm: 4f35f7cbe854078d1ac9338744f61a02 -> 
  custom:video-encoder-webm-vp8: eb34c28f22e8b96e1ab97ce403110664 -> 
  custom:CustomObjectIndexerAttribute: bc11b3a6c3213fcdd17b65e7da85e133 -> 
  custom:audio-encoder-webm-vorbis: bf7c407c2cedff20999df2af8eb42d56 -> 
  custom:framework-win-MediaFoundation: 216162199b28c13a410421893ffa2e32 -> 
  custom:SearchIndexIgnoredProperties: e643bd26f0fe6173181afceb89e7c659 -> 
  custom:container-demuxer-ogg: 62fdf1f143b41e24485cea50d1cbac27 -> 
  custom:video-decoder-webm-vp8: 9c59270c3fd7afecdb556c50c9e8de78 -> 
  custom:audio-decoder-ogg-vorbis: bf7c407c2cedff20999df2af8eb42d56 -> 
========================================================================
Received Import Request.
  Time since last request: 656950.287802 seconds.
  path: Assets/Plugins/RootMotion/FinalIK/Gizmos/CCDIK Icon.png
  artifactKey: Guid(79450243724744b44820e5468e418048) Importer(815301076,1909f56bfc062723c751e8b465ee728b)
Number of updated assets reloaded before import = 0
Start importing Assets/Plugins/RootMotion/FinalIK/Gizmos/CCDIK Icon.png using Guid(79450243724744b44820e5468e418048) Importer(815301076,1909f56bfc062723c751e8b465ee728b)  -> (artifact id: '535652e5a9b0281915b61ea3fd358f74') in 0.060749 seconds 
Number of asset objects unloaded after import = 2
========================================================================
Received Import Request.
  Time since last request: 0.000028 seconds.
  path: Assets/Plugins/RootMotion/FinalIK/Gizmos/EndEffector Icon.png
  artifactKey: Guid(0ee227cd5021b40b2a18d383ba9dadff) Importer(815301076,1909f56bfc062723c751e8b465ee728b)
Number of updated assets reloaded before import = 0
Start importing Assets/Plugins/RootMotion/FinalIK/Gizmos/EndEffector Icon.png using Guid(0ee227cd5021b40b2a18d383ba9dadff) Importer(815301076,1909f56bfc062723c751e8b465ee728b)  -> (artifact id: '4d5e6640c79bcabce69bb3ee75efcd51') in 0.014276 seconds 
Number of asset objects unloaded after import = 2
========================================================================
Received Import Request.
  Time since last request: 0.000040 seconds.
  path: Assets/Plugins/RootMotion/FinalIK/Gizmos/LimbIK Icon.png
  artifactKey: Guid(e747b4712fd43444ab8213b7ff4c089b) Importer(815301076,1909f56bfc062723c751e8b465ee728b)
Number of updated assets reloaded before import = 0
Start importing Assets/Plugins/RootMotion/FinalIK/Gizmos/LimbIK Icon.png using Guid(e747b4712fd43444ab8213b7ff4c089b) Importer(815301076,1909f56bfc062723c751e8b465ee728b)  -> (artifact id: '69707089e0ddcd7bf719e408445c5a7e') in 0.013957 seconds 
Number of asset objects unloaded after import = 2
========================================================================
Received Import Request.
  Time since last request: 0.000022 seconds.
  path: Assets/Plugins/RootMotion/FinalIK/Gizmos/InteractionTrigger Icon.png
  artifactKey: Guid(2a1323dcf174944a69736d167afe96e0) Importer(815301076,1909f56bfc062723c751e8b465ee728b)
Number of updated assets reloaded before import = 0
Start importing Assets/Plugins/RootMotion/FinalIK/Gizmos/InteractionTrigger Icon.png using Guid(2a1323dcf174944a69736d167afe96e0) Importer(815301076,1909f56bfc062723c751e8b465ee728b)  -> (artifact id: '482a0c9c2f64de43389f39310e74936e') in 0.012382 seconds 
Number of asset objects unloaded after import = 2
========================================================================
Received Import Request.
  Time since last request: 7.688478 seconds.
  path: Assets/Plugins/RootMotion/Shared Demo Assets/Physics Materials/Normal.physicMaterial
  artifactKey: Guid(9fea306c83f100f4a92a745992199a2f) Importer(815301076,1909f56bfc062723c751e8b465ee728b)
Number of updated assets reloaded before import = 0
Start importing Assets/Plugins/RootMotion/Shared Demo Assets/Physics Materials/Normal.physicMaterial using Guid(9fea306c83f100f4a92a745992199a2f) Importer(815301076,1909f56bfc062723c751e8b465ee728b)  -> (artifact id: 'b8c7d00e2cf9e6c90890e0ae8ea9213b') in 0.015461 seconds 
Number of asset objects unloaded after import = 1
========================================================================
Received Import Request.
  Time since last request: 2.586613 seconds.
  path: Assets/Plugins/RootMotion/Shared Demo Assets/Humanoid Animations/Crouch.fbx
  artifactKey: Guid(c79d18b7598993246a99ebc7c22b5f0d) Importer(815301076,1909f56bfc062723c751e8b465ee728b)
Number of updated assets reloaded before import = 0
Start importing Assets/Plugins/RootMotion/Shared Demo Assets/Humanoid Animations/Crouch.fbx using Guid(c79d18b7598993246a99ebc7c22b5f0d) Importer(815301076,1909f56bfc062723c751e8b465ee728b)  -> (artifact id: '8acfc308b4360aa286c6872403ff8000') in 0.348745 seconds 
Number of asset objects unloaded after import = 171
========================================================================
Received Import Request.
  Time since last request: 0.000018 seconds.
  path: Assets/Plugins/RootMotion/Shared Demo Assets/Humanoid Animations/Walk and Run In Place.FBX
  artifactKey: Guid(b66f8acee7ee641368d5576908507a23) Importer(815301076,1909f56bfc062723c751e8b465ee728b)
Number of updated assets reloaded before import = 0
Start importing Assets/Plugins/RootMotion/Shared Demo Assets/Humanoid Animations/Walk and Run In Place.FBX using Guid(b66f8acee7ee641368d5576908507a23) Importer(815301076,1909f56bfc062723c751e8b465ee728b)  -> (artifact id: 'c8bda8687d9d7d5450175e240f965541') in 0.004347 seconds 
Number of asset objects unloaded after import = 122
========================================================================
Received Import Request.
  Time since last request: 0.000021 seconds.
  path: Assets/Plugins/RootMotion/Shared Demo Assets/Humanoid Animations/Upperbody Swing Prop.FBX
  artifactKey: Guid(232d9db43d7e44df6b433d7b4a3c1e0f) Importer(815301076,1909f56bfc062723c751e8b465ee728b)
Number of updated assets reloaded before import = 0
Start importing Assets/Plugins/RootMotion/Shared Demo Assets/Humanoid Animations/Upperbody Swing Prop.FBX using Guid(232d9db43d7e44df6b433d7b4a3c1e0f) Importer(815301076,1909f56bfc062723c751e8b465ee728b)  -> (artifact id: '2d84513c0568ee1e55415f4328fe03c4') in 0.003105 seconds 
Number of asset objects unloaded after import = 113
========================================================================
Received Import Request.
  Time since last request: 0.000017 seconds.
  path: Assets/Plugins/RootMotion/Shared Demo Assets/Humanoid Animations/Walk 2.fbx
  artifactKey: Guid(b902ceed1016f504cb9949d5c7fd36f2) Importer(815301076,1909f56bfc062723c751e8b465ee728b)
Number of updated assets reloaded before import = 0
Start importing Assets/Plugins/RootMotion/Shared Demo Assets/Humanoid Animations/Walk 2.fbx using Guid(b902ceed1016f504cb9949d5c7fd36f2) Importer(815301076,1909f56bfc062723c751e8b465ee728b)  -> (artifact id: 'd8bbb2428872f349b0514f979acb1cfe') in 0.003698 seconds 
Number of asset objects unloaded after import = 159
========================================================================
Received Import Request.
  Time since last request: 0.000015 seconds.
  path: Assets/Plugins/RootMotion/Shared Demo Assets/Humanoid Animations/Soccer Kick.fbx
  artifactKey: Guid(c4ef7163310a180479fb795005b674c3) Importer(815301076,1909f56bfc062723c751e8b465ee728b)
Number of updated assets reloaded before import = 0
Start importing Assets/Plugins/RootMotion/Shared Demo Assets/Humanoid Animations/Soccer Kick.fbx using Guid(c4ef7163310a180479fb795005b674c3) Importer(815301076,1909f56bfc062723c751e8b465ee728b)  -> (artifact id: 'f5165907d51c09cbc7adec50dc1ca6ed') in 0.003215 seconds 
Number of asset objects unloaded after import = 95
========================================================================
Received Import Request.
  Time since last request: 0.000015 seconds.
  path: Assets/Plugins/RootMotion/Shared Demo Assets/Humanoid Animations/Stand Turn.fbx
  artifactKey: Guid(5033c980c09474948b2a9510841d9491) Importer(815301076,1909f56bfc062723c751e8b465ee728b)
Number of updated assets reloaded before import = 0
Start importing Assets/Plugins/RootMotion/Shared Demo Assets/Humanoid Animations/Stand Turn.fbx using Guid(5033c980c09474948b2a9510841d9491) Importer(815301076,1909f56bfc062723c751e8b465ee728b)  -> (artifact id: 'f522cd604ba2f6f3aa932fe6b4230875') in 0.005297 seconds 
Number of asset objects unloaded after import = 162
========================================================================
Received Import Request.
  Time since last request: 0.000013 seconds.
  path: Assets/Plugins/RootMotion/Shared Demo Assets/Humanoid Animations/Run.fbx
  artifactKey: Guid(5793c842832b08348afd121473dfdf7e) Importer(815301076,1909f56bfc062723c751e8b465ee728b)
Number of updated assets reloaded before import = 0
Start importing Assets/Plugins/RootMotion/Shared Demo Assets/Humanoid Animations/Run.fbx using Guid(5793c842832b08348afd121473dfdf7e) Importer(815301076,1909f56bfc062723c751e8b465ee728b)  -> (artifact id: '30c20ca2e7c3d2d943f034b652cc7d55') in 0.005083 seconds 
Number of asset objects unloaded after import = 159
========================================================================
Received Import Request.
  Time since last request: 0.000021 seconds.
  path: Assets/Plugins/RootMotion/Shared Demo Assets/Humanoid Animations/Mid Air 3.fbx
  artifactKey: Guid(25275a2ff07f278408cfa0a8ff8ebce9) Importer(815301076,1909f56bfc062723c751e8b465ee728b)
Number of updated assets reloaded before import = 0
Start importing Assets/Plugins/RootMotion/Shared Demo Assets/Humanoid Animations/Mid Air 3.fbx using Guid(25275a2ff07f278408cfa0a8ff8ebce9) Importer(815301076,1909f56bfc062723c751e8b465ee728b)  -> (artifact id: 'c1678df6a034510e68913bb683e5d6f4') in 0.048350 seconds 
Number of asset objects unloaded after import = 190
========================================================================
Received Import Request.
  Time since last request: 0.000022 seconds.
  path: Assets/Plugins/RootMotion/Shared Demo Assets/Humanoid Animations/Run Turn Sharp.fbx
  artifactKey: Guid(4597f75592fba204890fd32d8c11a1fe) Importer(815301076,1909f56bfc062723c751e8b465ee728b)
Number of updated assets reloaded before import = 0
Start importing Assets/Plugins/RootMotion/Shared Demo Assets/Humanoid Animations/Run Turn Sharp.fbx using Guid(4597f75592fba204890fd32d8c11a1fe) Importer(815301076,1909f56bfc062723c751e8b465ee728b)  -> (artifact id: '96a99d9844ef6dc7417a45f61d35a75b') in 0.007183 seconds 
Number of asset objects unloaded after import = 164
Editor requested this worker to shutdown with reason: Scaling down because of idle timeout
AssetImportWorker is now disconnected from the server
Process exiting
Exiting without the bug reporter. Application will terminate with return code 0