Using pre-set license
Built from '2021.3/staging' branch; Version is '2021.3.35f1 (157b46ce122a) revision 1407814'; Using compiler version '192829333'; Build Type 'Release'
OS: 'Windows 10  (10.0.19045) 64bit Professional' Language: 'zh' Physical Memory: 16220 MB
BatchMode: 1, IsHumanControllingUs: 0, StartBugReporterOnCrash: 0, Is64bit: 1, IsPro: 1

COMMAND LINE ARGUMENTS:
C:\Program Files\Unity\Hub\Editor\2021.3.35f1\Editor\Unity.exe
-adb2
-batchMode
-noUpm
-name
AssetImportWorker2
-projectPath
C:/Users/PC/RecastInUnity
-logFile
Logs/AssetImportWorker2.log
-srvPort
5464
Successfully changed project path to: C:/Users/PC/RecastInUnity
C:/Users/PC/RecastInUnity
[UnityMemory] Configuration Parameters - Can be set up in boot.config
    "memorysetup-bucket-allocator-granularity=16"
    "memorysetup-bucket-allocator-bucket-count=8"
    "memorysetup-bucket-allocator-block-size=33554432"
    "memorysetup-bucket-allocator-block-count=8"
    "memorysetup-main-allocator-block-size=16777216"
    "memorysetup-thread-allocator-block-size=16777216"
    "memorysetup-gfx-main-allocator-block-size=16777216"
    "memorysetup-gfx-thread-allocator-block-size=16777216"
    "memorysetup-cache-allocator-block-size=4194304"
    "memorysetup-typetree-allocator-block-size=2097152"
    "memorysetup-profiler-bucket-allocator-granularity=16"
    "memorysetup-profiler-bucket-allocator-bucket-count=8"
    "memorysetup-profiler-bucket-allocator-block-size=33554432"
    "memorysetup-profiler-bucket-allocator-block-count=8"
    "memorysetup-profiler-allocator-block-size=16777216"
    "memorysetup-profiler-editor-allocator-block-size=1048576"
    "memorysetup-temp-allocator-size-main=16777216"
    "memorysetup-job-temp-allocator-block-size=2097152"
    "memorysetup-job-temp-allocator-block-size-background=1048576"
    "memorysetup-job-temp-allocator-reduction-small-platforms=262144"
    "memorysetup-temp-allocator-size-background-worker=32768"
    "memorysetup-temp-allocator-size-job-worker=262144"
    "memorysetup-temp-allocator-size-preload-manager=33554432"
    "memorysetup-temp-allocator-size-nav-mesh-worker=65536"
    "memorysetup-temp-allocator-size-audio-worker=65536"
    "memorysetup-temp-allocator-size-cloud-worker=32768"
    "memorysetup-temp-allocator-size-gi-baking-worker=262144"
    "memorysetup-temp-allocator-size-gfx=262144"
Player connection [6600] Host "[IP] 192.168.5.7 [Port] 0 [Flags] 2 [Guid] 1559371815 [EditorId] 1559371815 [Version] 1048832 [Id] WindowsEditor(7,DESKTOP-8MIQOKD) [Debug] 1 [PackageName] WindowsEditor [ProjectName] Editor" joined multi-casting on [225.0.0.222:54997]...

Player connection [6600] Host "[IP] 192.168.5.7 [Port] 0 [Flags] 2 [Guid] 1559371815 [EditorId] 1559371815 [Version] 1048832 [Id] WindowsEditor(7,DESKTOP-8MIQOKD) [Debug] 1 [PackageName] WindowsEditor [ProjectName] Editor" joined alternative multi-casting on [225.0.0.222:34997]...

[Physics::Module] Initialized MultithreadedJobDispatcher with {0} workers.
Refreshing native plugins compatible for Editor in 77.41 ms, found 3 plugins.
Preloading 0 native plugins for Editor in 0.00 ms.
Initialize engine version: 2021.3.35f1 (157b46ce122a)
[Subsystems] Discovering subsystems at path C:/Program Files/Unity/Hub/Editor/2021.3.35f1/Editor/Data/Resources/UnitySubsystems
[Subsystems] Discovering subsystems at path C:/Users/PC/RecastInUnity/Assets
GfxDevice: creating device client; threaded=0; jobified=0
Direct3D:
    Version:  Direct3D 11.0 [level 11.1]
    Renderer: NVIDIA GeForce RTX 4060 Ti (ID=0x2788)
    Vendor:   NVIDIA
    VRAM:     7949 MB
    Driver:   32.0.15.6094
Initialize mono
Mono path[0] = 'C:/Program Files/Unity/Hub/Editor/2021.3.35f1/Editor/Data/Managed'
Mono path[1] = 'C:/Program Files/Unity/Hub/Editor/2021.3.35f1/Editor/Data/MonoBleedingEdge/lib/mono/unityjit-win32'
Mono config path = 'C:/Program Files/Unity/Hub/Editor/2021.3.35f1/Editor/Data/MonoBleedingEdge/etc'
Using monoOptions --debugger-agent=transport=dt_socket,embedding=1,server=y,suspend=n,address=127.0.0.1:56016
Begin MonoManager ReloadAssembly
Registering precompiled unity dll's ...
Register platform support module: C:/Program Files/Unity/Hub/Editor/2021.3.35f1/Editor/Data/PlaybackEngines/WindowsStandaloneSupport/UnityEditor.WindowsStandalone.Extensions.dll
Registered in 0.006546 seconds.
Native extension for WindowsStandalone target not found
Refreshing native plugins compatible for Editor in 78.03 ms, found 3 plugins.
Preloading 0 native plugins for Editor in 0.00 ms.
Mono: successfully reloaded assembly
- Completed reload, in  0.731 seconds
Domain Reload Profiling:
	ReloadAssembly (732ms)
		BeginReloadAssembly (92ms)
			ExecutionOrderSort (0ms)
			DisableScriptedObjects (0ms)
			BackupInstance (0ms)
			ReleaseScriptingObjects (0ms)
			CreateAndSetChildDomain (1ms)
		EndReloadAssembly (526ms)
			LoadAssemblies (91ms)
			RebuildTransferFunctionScriptingTraits (0ms)
			SetupTypeCache (121ms)
			ReleaseScriptCaches (0ms)
			RebuildScriptCaches (38ms)
			SetupLoadedEditorAssemblies (319ms)
				LogAssemblyErrors (0ms)
				InitializePlatformSupportModulesInManaged (10ms)
				SetLoadedEditorAssemblies (0ms)
				RefreshPlugins (78ms)
				BeforeProcessingInitializeOnLoad (2ms)
				ProcessInitializeOnLoadAttributes (171ms)
				ProcessInitializeOnLoadMethodAttributes (58ms)
				AfterProcessingInitializeOnLoad (0ms)
				EditorAssembliesLoaded (0ms)
			ExecutionOrderSort2 (0ms)
			AwakeInstancesAfterBackupRestoration (0ms)
Platform modules already initialized, skipping
Registering precompiled user dll's ...
Registered in 0.004471 seconds.
Begin MonoManager ReloadAssembly
Native extension for WindowsStandalone target not found
Refreshing native plugins compatible for Editor in 0.60 ms, found 3 plugins.
Preloading 0 native plugins for Editor in 0.00 ms.
Package Manager log level set to [2]
[Package Manager] Server::EnsureServerProcessIsRunning -- launch failed, reason: Unity was launched with the -noUpm command-line argument
[Package Manager] Cannot connect to Unity Package Manager local server
Mono: successfully reloaded assembly
- Completed reload, in  1.739 seconds
Domain Reload Profiling:
	ReloadAssembly (1740ms)
		BeginReloadAssembly (154ms)
			ExecutionOrderSort (0ms)
			DisableScriptedObjects (7ms)
			BackupInstance (0ms)
			ReleaseScriptingObjects (0ms)
			CreateAndSetChildDomain (21ms)
		EndReloadAssembly (1467ms)
			LoadAssemblies (116ms)
			RebuildTransferFunctionScriptingTraits (0ms)
			SetupTypeCache (308ms)
			ReleaseScriptCaches (0ms)
			RebuildScriptCaches (75ms)
			SetupLoadedEditorAssemblies (953ms)
				LogAssemblyErrors (0ms)
				InitializePlatformSupportModulesInManaged (7ms)
				SetLoadedEditorAssemblies (1ms)
				RefreshPlugins (1ms)
				BeforeProcessingInitializeOnLoad (89ms)
				ProcessInitializeOnLoadAttributes (820ms)
				ProcessInitializeOnLoadMethodAttributes (27ms)
				AfterProcessingInitializeOnLoad (8ms)
				EditorAssembliesLoaded (0ms)
			ExecutionOrderSort2 (0ms)
			AwakeInstancesAfterBackupRestoration (8ms)
Platform modules already initialized, skipping
========================================================================
Worker process is ready to serve import requests
Launched and connected shader compiler UnityShaderCompiler.exe after 0.04 seconds
Refreshing native plugins compatible for Editor in 0.49 ms, found 3 plugins.
Preloading 0 native plugins for Editor in 0.00 ms.
Unloading 3325 Unused Serialized files (Serialized files now loaded: 0)
Unloading 24 unused Assets / (46.9 KB). Loaded Objects now: 3784.
Memory consumption went from 116.2 MB to 116.2 MB.
Total: 3.253400 ms (FindLiveObjects: 0.449300 ms CreateObjectMapping: 0.147500 ms MarkObjects: 2.584500 ms  DeleteObjects: 0.070800 ms)

AssetImportParameters requested are different than current active one (requested -> active):
  custom:video-decoder-ogg-theora: a1e56fd34408186e4bbccfd4996cb3dc -> 
  custom:container-muxer-webm: aa71ff27fc2769a1b78a27578f13a17b -> 
  custom:container-demuxer-webm: 4f35f7cbe854078d1ac9338744f61a02 -> 
  custom:video-encoder-webm-vp8: eb34c28f22e8b96e1ab97ce403110664 -> 
  custom:CustomObjectIndexerAttribute: bc11b3a6c3213fcdd17b65e7da85e133 -> 
  custom:audio-encoder-webm-vorbis: bf7c407c2cedff20999df2af8eb42d56 -> 
  custom:framework-win-MediaFoundation: 216162199b28c13a410421893ffa2e32 -> 
  custom:SearchIndexIgnoredProperties: e643bd26f0fe6173181afceb89e7c659 -> 
  custom:container-demuxer-ogg: 62fdf1f143b41e24485cea50d1cbac27 -> 
  custom:video-decoder-webm-vp8: 9c59270c3fd7afecdb556c50c9e8de78 -> 
  custom:audio-decoder-ogg-vorbis: bf7c407c2cedff20999df2af8eb42d56 -> 
========================================================================
Received Import Request.
  Time since last request: 656950.228122 seconds.
  path: Assets/Plugins/RootMotion/FinalIK/Gizmos/InteractionTarget Icon.png
  artifactKey: Guid(706b88054f06c4e83ad5f34217bedea3) Importer(815301076,1909f56bfc062723c751e8b465ee728b)
Number of updated assets reloaded before import = 0
Start importing Assets/Plugins/RootMotion/FinalIK/Gizmos/InteractionTarget Icon.png using Guid(706b88054f06c4e83ad5f34217bedea3) Importer(815301076,1909f56bfc062723c751e8b465ee728b)  -> (artifact id: '4c8e23bdace8d202c2845cc2a9acb2cc') in 0.074873 seconds 
Number of asset objects unloaded after import = 2
========================================================================
Received Import Request.
  Time since last request: 0.000026 seconds.
  path: Assets/Plugins/RootMotion/FinalIK/Gizmos/GrounderQuadruped.png
  artifactKey: Guid(c92822fd107844dccaf6c30c024e5806) Importer(815301076,1909f56bfc062723c751e8b465ee728b)
Number of updated assets reloaded before import = 0
Start importing Assets/Plugins/RootMotion/FinalIK/Gizmos/GrounderQuadruped.png using Guid(c92822fd107844dccaf6c30c024e5806) Importer(815301076,1909f56bfc062723c751e8b465ee728b)  -> (artifact id: '2d08194132b32469d23e528bbfed2c75') in 0.014899 seconds 
Number of asset objects unloaded after import = 2
========================================================================
Received Import Request.
  Time since last request: 0.000033 seconds.
  path: Assets/Plugins/RootMotion/FinalIK/Gizmos/RotationLimitPolygonal Icon.png
  artifactKey: Guid(03a93cc74a1364909b1ddd071896ad75) Importer(815301076,1909f56bfc062723c751e8b465ee728b)
Number of updated assets reloaded before import = 0
Start importing Assets/Plugins/RootMotion/FinalIK/Gizmos/RotationLimitPolygonal Icon.png using Guid(03a93cc74a1364909b1ddd071896ad75) Importer(815301076,1909f56bfc062723c751e8b465ee728b)  -> (artifact id: '8381a9e0802275e80ab170aa6a93a3bb') in 0.013885 seconds 
Number of asset objects unloaded after import = 2
========================================================================
Received Import Request.
  Time since last request: 0.000015 seconds.
  path: Assets/Plugins/RootMotion/FinalIK/Gizmos/RotationLimitSpline Icon.png
  artifactKey: Guid(f6c289ca5c243470198f39f6517123fd) Importer(815301076,1909f56bfc062723c751e8b465ee728b)
Number of updated assets reloaded before import = 0
Start importing Assets/Plugins/RootMotion/FinalIK/Gizmos/RotationLimitSpline Icon.png using Guid(f6c289ca5c243470198f39f6517123fd) Importer(815301076,1909f56bfc062723c751e8b465ee728b)  -> (artifact id: '29295b5055f9f3c27beaade07f1fb4b3') in 0.015408 seconds 
Number of asset objects unloaded after import = 2
========================================================================
Received Import Request.
  Time since last request: 0.000018 seconds.
  path: Assets/Plugins/RootMotion/FinalIK/Gizmos/GrounderBipedIK.png
  artifactKey: Guid(c0b08042695f548e79a4e5c84112fe52) Importer(815301076,1909f56bfc062723c751e8b465ee728b)
Number of updated assets reloaded before import = 0
Start importing Assets/Plugins/RootMotion/FinalIK/Gizmos/GrounderBipedIK.png using Guid(c0b08042695f548e79a4e5c84112fe52) Importer(815301076,1909f56bfc062723c751e8b465ee728b)  -> (artifact id: '7796c16c0b0c36ade9ca34eb11f97a94') in 0.023207 seconds 
Number of asset objects unloaded after import = 2
========================================================================
Received Import Request.
  Time since last request: 0.000019 seconds.
  path: Assets/Plugins/RootMotion/FinalIK/Gizmos/FABRIK Icon.png
  artifactKey: Guid(1ccc9218a62cd44dda0ddb5fa15c62cc) Importer(815301076,1909f56bfc062723c751e8b465ee728b)
Number of updated assets reloaded before import = 0
Start importing Assets/Plugins/RootMotion/FinalIK/Gizmos/FABRIK Icon.png using Guid(1ccc9218a62cd44dda0ddb5fa15c62cc) Importer(815301076,1909f56bfc062723c751e8b465ee728b)  -> (artifact id: 'edce377530e91d44270d802d20b9afe7') in 0.012179 seconds 
Number of asset objects unloaded after import = 2
========================================================================
Received Import Request.
  Time since last request: 0.000020 seconds.
  path: Assets/Plugins/RootMotion/FinalIK/Gizmos/LookAtIK Icon.png
  artifactKey: Guid(dc3f34dec09f54c4d8a48bf1a653b179) Importer(815301076,1909f56bfc062723c751e8b465ee728b)
Number of updated assets reloaded before import = 0
Start importing Assets/Plugins/RootMotion/FinalIK/Gizmos/LookAtIK Icon.png using Guid(dc3f34dec09f54c4d8a48bf1a653b179) Importer(815301076,1909f56bfc062723c751e8b465ee728b)  -> (artifact id: 'efa7de61cfe606b8a63719efabbf9dff') in 0.011724 seconds 
Number of asset objects unloaded after import = 2
========================================================================
Received Import Request.
  Time since last request: 7.678614 seconds.
  path: Assets/Plugins/RootMotion/Shared Demo Assets/Physics Materials/Low Friction.physicMaterial
  artifactKey: Guid(64d84d3edc2acd747bbb0413825fa2ef) Importer(815301076,1909f56bfc062723c751e8b465ee728b)
Number of updated assets reloaded before import = 0
Start importing Assets/Plugins/RootMotion/Shared Demo Assets/Physics Materials/Low Friction.physicMaterial using Guid(64d84d3edc2acd747bbb0413825fa2ef) Importer(815301076,1909f56bfc062723c751e8b465ee728b)  -> (artifact id: '1eb372745d4d5f83c48b1b6ba623adf3') in 0.015898 seconds 
Number of asset objects unloaded after import = 1
========================================================================
Received Import Request.
  Time since last request: 2.587247 seconds.
  path: Assets/Plugins/RootMotion/Shared Demo Assets/Humanoid Animations/Boxing.FBX
  artifactKey: Guid(3c69204264c184db688c572c53c15b00) Importer(815301076,1909f56bfc062723c751e8b465ee728b)
Number of updated assets reloaded before import = 0
Start importing Assets/Plugins/RootMotion/Shared Demo Assets/Humanoid Animations/Boxing.FBX using Guid(3c69204264c184db688c572c53c15b00) Importer(815301076,1909f56bfc062723c751e8b465ee728b)  -> (artifact id: '24f8a912edbfb5039591ad182112efef') in 0.021250 seconds 
Number of asset objects unloaded after import = 123
========================================================================
Received Import Request.
  Time since last request: 0.000021 seconds.
  path: Assets/Plugins/RootMotion/Shared Demo Assets/Humanoid Animations/Walk Turn Sharp.fbx
  artifactKey: Guid(de3b14b850aae314a89ad6280b2e3321) Importer(815301076,1909f56bfc062723c751e8b465ee728b)
Number of updated assets reloaded before import = 0
Start importing Assets/Plugins/RootMotion/Shared Demo Assets/Humanoid Animations/Walk Turn Sharp.fbx using Guid(de3b14b850aae314a89ad6280b2e3321) Importer(815301076,1909f56bfc062723c751e8b465ee728b)  -> (artifact id: '512cf2d73af200a3c77a83fb13c348a3') in 0.008172 seconds 
Number of asset objects unloaded after import = 160
========================================================================
Received Import Request.
  Time since last request: 0.000018 seconds.
  path: Assets/Plugins/RootMotion/Shared Demo Assets/Humanoid Animations/Walk Turn.fbx
  artifactKey: Guid(fa004d0f80b32d14ebb332fd0b01b7e5) Importer(815301076,1909f56bfc062723c751e8b465ee728b)
Number of updated assets reloaded before import = 0
Start importing Assets/Plugins/RootMotion/Shared Demo Assets/Humanoid Animations/Walk Turn.fbx using Guid(fa004d0f80b32d14ebb332fd0b01b7e5) Importer(815301076,1909f56bfc062723c751e8b465ee728b)  -> (artifact id: '1761cff23e95d30a8fa6774c4c8d4574') in 0.006749 seconds 
Number of asset objects unloaded after import = 160
========================================================================
Received Import Request.
  Time since last request: 0.000020 seconds.
  path: Assets/Plugins/RootMotion/Shared Demo Assets/Humanoid Animations/Strafing.fbx
  artifactKey: Guid(e566a601721485e46863d1027d4d6d4e) Importer(815301076,1909f56bfc062723c751e8b465ee728b)
Number of updated assets reloaded before import = 0
Start importing Assets/Plugins/RootMotion/Shared Demo Assets/Humanoid Animations/Strafing.fbx using Guid(e566a601721485e46863d1027d4d6d4e) Importer(815301076,1909f56bfc062723c751e8b465ee728b)  -> (artifact id: '5d9d6e3b1ea7a70cf1d673cf84a16080') in 0.009657 seconds 
Number of asset objects unloaded after import = 170
========================================================================
Received Import Request.
  Time since last request: 0.000018 seconds.
  path: Assets/Plugins/RootMotion/Shared Demo Assets/Humanoid Animations/Swing Right Loop.FBX
  artifactKey: Guid(687c90bad30a015408181d40c120d2c6) Importer(815301076,1909f56bfc062723c751e8b465ee728b)
Number of updated assets reloaded before import = 0
Start importing Assets/Plugins/RootMotion/Shared Demo Assets/Humanoid Animations/Swing Right Loop.FBX using Guid(687c90bad30a015408181d40c120d2c6) Importer(815301076,1909f56bfc062723c751e8b465ee728b)  -> (artifact id: '9c64ab40f80a3f4ec4681a5071146514') in 0.005314 seconds 
Number of asset objects unloaded after import = 122
========================================================================
Received Import Request.
  Time since last request: 0.000022 seconds.
  path: Assets/Plugins/RootMotion/Shared Demo Assets/Humanoid Animations/Mid Air 2.fbx
  artifactKey: Guid(f7b6954ec8fb0de4cbe60b244d54f758) Importer(815301076,1909f56bfc062723c751e8b465ee728b)
Number of updated assets reloaded before import = 0
Start importing Assets/Plugins/RootMotion/Shared Demo Assets/Humanoid Animations/Mid Air 2.fbx using Guid(f7b6954ec8fb0de4cbe60b244d54f758) Importer(815301076,1909f56bfc062723c751e8b465ee728b)  -> (artifact id: 'cb83f8dac87d0890799a72c8c8422624') in 0.522229 seconds 
Number of asset objects unloaded after import = 477
========================================================================
Received Import Request.
  Time since last request: 80.648263 seconds.
  path: Assets/_TerrainAutoUpgrade/layer_Sand 33d3aba195e4d26ee.terrainlayer
  artifactKey: Guid(ec901d2922201e7489ef140c9a41a2df) Importer(815301076,1909f56bfc062723c751e8b465ee728b)
Number of updated assets reloaded before import = 0
Start importing Assets/_TerrainAutoUpgrade/layer_Sand 33d3aba195e4d26ee.terrainlayer using Guid(ec901d2922201e7489ef140c9a41a2df) Importer(815301076,1909f56bfc062723c751e8b465ee728b)  -> (artifact id: 'a1800f950c4137489175736437820fdb') in 0.021295 seconds 
Number of asset objects unloaded after import = 2
========================================================================
Received Import Request.
  Time since last request: 0.000018 seconds.
  path: Assets/_TerrainAutoUpgrade/layer_Sand 218c7f28bcf2878ea.terrainlayer
  artifactKey: Guid(4a2d8c70b85b3b041b136195d34b4443) Importer(815301076,1909f56bfc062723c751e8b465ee728b)
Number of updated assets reloaded before import = 0
Start importing Assets/_TerrainAutoUpgrade/layer_Sand 218c7f28bcf2878ea.terrainlayer using Guid(4a2d8c70b85b3b041b136195d34b4443) Importer(815301076,1909f56bfc062723c751e8b465ee728b)  -> (artifact id: '04556373cbd7b9480567c6b01f704174') in 0.016904 seconds 
Number of asset objects unloaded after import = 2
========================================================================
Received Import Request.
  Time since last request: 9.823659 seconds.
  path: Assets/Plugins/RootMotion/Shared Demo Assets/Prototyping/Textures/Prototype Black.png
  artifactKey: Guid(c32a0b1f62ac42e4399935ffff09c099) Importer(815301076,1909f56bfc062723c751e8b465ee728b)
Number of updated assets reloaded before import = 0
Start importing Assets/Plugins/RootMotion/Shared Demo Assets/Prototyping/Textures/Prototype Black.png using Guid(c32a0b1f62ac42e4399935ffff09c099) Importer(815301076,1909f56bfc062723c751e8b465ee728b)  -> (artifact id: '00d8354d9ab1f4ac9701febf7ae1c8ae') in 0.016973 seconds 
Number of asset objects unloaded after import = 2
========================================================================
Received Import Request.
  Time since last request: 0.000019 seconds.
  path: Assets/Plugins/RootMotion/Shared Demo Assets/Prototyping/Textures/Prototype Green.png
  artifactKey: Guid(0f1e1f15e08646b4ba6ff67e94523a6c) Importer(815301076,1909f56bfc062723c751e8b465ee728b)
Number of updated assets reloaded before import = 0
Start importing Assets/Plugins/RootMotion/Shared Demo Assets/Prototyping/Textures/Prototype Green.png using Guid(0f1e1f15e08646b4ba6ff67e94523a6c) Importer(815301076,1909f56bfc062723c751e8b465ee728b)  -> (artifact id: '64eb2bef90b36a003ee6289b11d2b32b') in 0.013455 seconds 
Number of asset objects unloaded after import = 2
========================================================================
Received Import Request.
  Time since last request: 0.429588 seconds.
  path: Assets/Plugins/RootMotion/Shared Demo Assets/Prototyping/Models/Sphere128.FBX
  artifactKey: Guid(98fe4e84393f64c8dae7cea4ef300f33) Importer(815301076,1909f56bfc062723c751e8b465ee728b)
Number of updated assets reloaded before import = 0
Start importing Assets/Plugins/RootMotion/Shared Demo Assets/Prototyping/Models/Sphere128.FBX using Guid(98fe4e84393f64c8dae7cea4ef300f33) Importer(815301076,1909f56bfc062723c751e8b465ee728b)  -> (artifact id: '37f87a2510e3e6b0f6ef42bd6ab45105') in 0.014359 seconds 
Number of asset objects unloaded after import = 7
========================================================================
Received Import Request.
  Time since last request: 0.563406 seconds.
  path: Assets/Plugins/RootMotion/Shared Demo Assets/Prototyping/Materials/Laser.mat
  artifactKey: Guid(440d6a9870aca7b4d94eebb649da8773) Importer(815301076,1909f56bfc062723c751e8b465ee728b)
Number of updated assets reloaded before import = 0
Start importing Assets/Plugins/RootMotion/Shared Demo Assets/Prototyping/Materials/Laser.mat using Guid(440d6a9870aca7b4d94eebb649da8773) Importer(815301076,1909f56bfc062723c751e8b465ee728b)  -> (artifact id: '6ed510b1efd6a74a0ccfe430798b71d5') in 0.057239 seconds 
Number of asset objects unloaded after import = 1
========================================================================
Received Import Request.
  Time since last request: 0.000013 seconds.
  path: Assets/Plugins/RootMotion/Shared Demo Assets/Prototyping/Materials/Prototype Green Smooth.mat
  artifactKey: Guid(d7b90495f0f98874dbdbafc334023f9a) Importer(815301076,1909f56bfc062723c751e8b465ee728b)
Number of updated assets reloaded before import = 0
Start importing Assets/Plugins/RootMotion/Shared Demo Assets/Prototyping/Materials/Prototype Green Smooth.mat using Guid(d7b90495f0f98874dbdbafc334023f9a) Importer(815301076,1909f56bfc062723c751e8b465ee728b)  -> (artifact id: 'f76234d2cd13dd717f386441011bc408') in 0.081623 seconds 
Number of asset objects unloaded after import = 1
========================================================================
Received Import Request.
  Time since last request: 0.000017 seconds.
  path: Assets/Plugins/RootMotion/Shared Demo Assets/Prototyping/Materials/Sand.mat
  artifactKey: Guid(523bdc8357b5b4c0085f428e42283e9f) Importer(815301076,1909f56bfc062723c751e8b465ee728b)
Number of updated assets reloaded before import = 0
Start importing Assets/Plugins/RootMotion/Shared Demo Assets/Prototyping/Materials/Sand.mat using Guid(523bdc8357b5b4c0085f428e42283e9f) Importer(815301076,1909f56bfc062723c751e8b465ee728b)  -> (artifact id: '0b0f90b59274df722c6c376360942a8f') in 0.021395 seconds 
Number of asset objects unloaded after import = 2
========================================================================
Received Import Request.
  Time since last request: 0.000013 seconds.
  path: Assets/Plugins/RootMotion/Shared Demo Assets/Prototyping/Materials/Target.mat
  artifactKey: Guid(aae886dd0d5d59844b4ec40cc2d96918) Importer(815301076,1909f56bfc062723c751e8b465ee728b)
Number of updated assets reloaded before import = 0
Start importing Assets/Plugins/RootMotion/Shared Demo Assets/Prototyping/Materials/Target.mat using Guid(aae886dd0d5d59844b4ec40cc2d96918) Importer(815301076,1909f56bfc062723c751e8b465ee728b)  -> (artifact id: '83d2a1c461c86f04ce15fdd3f5b55bc4') in 0.038159 seconds 
Number of asset objects unloaded after import = 1
========================================================================
Received Import Request.
  Time since last request: 0.818198 seconds.
  path: Assets/Plugins/RootMotion/Shared Demo Assets/Props/Prefabs/M4.prefab
  artifactKey: Guid(5bfa9baba3ddb4460990c4c924f97919) Importer(815301076,1909f56bfc062723c751e8b465ee728b)
Number of updated assets reloaded before import = 0
Start importing Assets/Plugins/RootMotion/Shared Demo Assets/Props/Prefabs/M4.prefab using Guid(5bfa9baba3ddb4460990c4c924f97919) Importer(815301076,1909f56bfc062723c751e8b465ee728b)  -> (artifact id: '0f808ba059bff44b45b0adc9a42e4aff') in 0.082249 seconds 
Number of asset objects unloaded after import = 28
========================================================================
Received Import Request.
  Time since last request: 0.457762 seconds.
  path: Assets/Plugins/RootMotion/Shared Demo Assets/Props/MP-40/MP-40.FBX
  artifactKey: Guid(7a30e2e74b2c24169a1b8eb71cf56878) Importer(815301076,1909f56bfc062723c751e8b465ee728b)
Number of updated assets reloaded before import = 0
Start importing Assets/Plugins/RootMotion/Shared Demo Assets/Props/MP-40/MP-40.FBX using Guid(7a30e2e74b2c24169a1b8eb71cf56878) Importer(815301076,1909f56bfc062723c751e8b465ee728b)  -> (artifact id: 'fdfceb20de53539b8aafece4d1b9ad32') in 0.014384 seconds 
Number of asset objects unloaded after import = 13
========================================================================
Received Import Request.
  Time since last request: 0.410425 seconds.
  path: Assets/Plugins/RootMotion/Shared Demo Assets/Props/M4/M4.fbx
  artifactKey: Guid(7350c439920074a58a63ca710c013777) Importer(815301076,1909f56bfc062723c751e8b465ee728b)
Number of updated assets reloaded before import = 0
Start importing Assets/Plugins/RootMotion/Shared Demo Assets/Props/M4/M4.fbx using Guid(7350c439920074a58a63ca710c013777) Importer(815301076,1909f56bfc062723c751e8b465ee728b)  -> (artifact id: 'faa7de09797d009139d971c37c6a9066') in 0.009464 seconds 
Number of asset objects unloaded after import = 8
Editor requested this worker to shutdown with reason: Scaling down because of idle timeout
AssetImportWorker is now disconnected from the server
Process exiting
Exiting without the bug reporter. Application will terminate with return code 0